Build started 17/09/2020 03:15:32 PM.
     1>Project "E:\My Programms\2nd semester OOP\Liberary Management System\Liberary Management System\Liberary Management System.vcxproj" on node 2 (Build target(s)).
     1>ClCompile:
         C:\Program Files (x86)\Microsoft Visual Studio 12.0\VC\bin\CL.exe /c /ZI /nologo /W3 /WX- /sdl /Od /Oy- /D _MBCS /Gm /EHsc /RTC1 /MDd /GS /fp:precise /Zc:wchar_t /Zc:forScope /Fo"Debug\\" /Fd"Debug\vc120.pdb" /Gd /TP /analyze- /errorReport:prompt database.cpp
         database.cpp
       Link:
         C:\Program Files (x86)\Microsoft Visual Studio 12.0\VC\bin\link.exe /ERRORREPORT:PROMPT /OUT:"E:\My Programms\2nd semester OOP\Liberary Management System\Debug\Liberary Management System.exe" /INCREMENTAL /NOLOGO kernel32.lib user32.lib gdi32.lib winspool.lib comdlg32.lib advapi32.lib shell32.lib ole32.lib oleaut32.lib uuid.lib odbc32.lib odbccp32.lib /MANIFEST /MANIFESTUAC:"level='asInvoker' uiAccess='false'" /manifest:embed /DEBUG /PDB:"E:\My Programms\2nd semester OOP\Liberary Management System\Debug\Liberary Management System.pdb" /TLBID:1 /DYNAMICBASE /NXCOMPAT /IMPLIB:"E:\My Programms\2nd semester OOP\Liberary Management System\Debug\Liberary Management System.lib" /MACHINE:X86 Debug\account.obj
         Debug\book.obj
         Debug\bookreservation.obj
         Debug\database.obj
         Debug\fine.obj
         Debug\issue.obj
         Debug\liberarian.obj
         Debug\liberary.obj
         Debug\librarycard.obj
         Debug\Main.obj
         Debug\rack.obj
         Debug\staff.obj
         Debug\student.obj
         Debug\user.obj
         Liberary Management System.vcxproj -> E:\My Programms\2nd semester OOP\Liberary Management System\Debug\Liberary Management System.exe
     1>Done Building Project "E:\My Programms\2nd semester OOP\Liberary Management System\Liberary Management System\Liberary Management System.vcxproj" (Build target(s)).

Build succeeded.

Time Elapsed 00:00:06.26
